# JRE version: OpenJDK Runtime Environment Microsoft-8035246 (17.0.8+7) (build 17.0.8+7-LTS)
# Java VM: OpenJDK 64-Bit Server VM Microsoft-8035246 (17.0.8+7-LTS, mixed mode, sharing, tiered, compressed oops, compressed class ptrs, g1 gc, windows-amd64)
GC Precious Log:
 CPUs: 8 total, 8 available
 Memory: 15990M
 Large Page Support: Disabled
 NUMA Support: Disabled
 Compressed Oops: Enabled (32-bit)
 Heap Region Size: 1M
 Heap Min Capacity: 8M
 Heap Initial Capacity: 250M
 Heap Max Capacity: 2G
 Pre-touch: Disabled
 Parallel Workers: 8
 Concurrent Workers: 2
 Concurrent Refinement Workers: 8
 Periodic GC: Disabled
Heap:
 garbage-first heap   total 99328K, used 70452K [0x0000000080000000, 0x0000000100000000)
  region size 1024K, 4 young (4096K), 1 survivors (1024K)
 Metaspace       used 69325K, committed 69952K, reserved 491520K
  class space    used 9581K, committed 9856K, reserved 425984K
GC Heap History (20 events):
Event: 22.499 GC heap before
{Heap before GC invocations=18 (full 0):
 garbage-first heap   total 80896K, used 66082K [0x0000000080000000, 0x0000000100000000)
  region size 1024K, 21 young (21504K), 2 survivors (2048K)
 Metaspace       used 57388K, committed 57984K, reserved 491520K
  class space    used 7954K, committed 8256K, reserved 425984K
}
Event: 22.505 GC heap after
{Heap after GC invocations=19 (full 0):
 garbage-first heap   total 80896K, used 47327K [0x0000000080000000, 0x0000000100000000)
  region size 1024K, 2 young (2048K), 2 survivors (2048K)
 Metaspace       used 57388K, committed 57984K, reserved 491520K
  class space    used 7954K, committed 8256K, reserved 425984K
}
Event: 23.239 GC heap before
{Heap before GC invocations=20 (full 0):
 garbage-first heap   total 83968K, used 65759K [0x0000000080000000, 0x0000000100000000)
  region size 1024K, 21 young (21504K), 2 survivors (2048K)
 Metaspace       used 58944K, committed 59520K, reserved 491520K
  class space    used 8115K, committed 8384K, reserved 425984K
}
Event: 23.244 GC heap after
{Heap after GC invocations=21 (full 0):
 garbage-first heap   total 83968K, used 48420K [0x0000000080000000, 0x0000000100000000)
  region size 1024K, 2 young (2048K), 2 survivors (2048K)
 Metaspace       used 58944K, committed 59520K, reserved 491520K
  class space    used 8115K, committed 8384K, reserved 425984K
}
Event: 24.090 GC heap before
{Heap before GC invocations=21 (full 0):
 garbage-first heap   total 83968K, used 67876K [0x0000000080000000, 0x0000000100000000)
  region size 1024K, 21 young (21504K), 2 survivors (2048K)
 Metaspace       used 60477K, committed 61056K, reserved 491520K
  class space    used 8355K, committed 8640K, reserved 425984K
}
Event: 24.095 GC heap after
{Heap after GC invocations=22 (full 0):
 garbage-first heap   total 83968K, used 49792K [0x0000000080000000, 0x0000000100000000)
  region size 1024K, 3 young (3072K), 3 survivors (3072K)
 Metaspace       used 60477K, committed 61056K, reserved 491520K
  class space    used 8355K, committed 8640K, reserved 425984K
}
Event: 25.061 GC heap before
{Heap before GC invocations=23 (full 0):
 garbage-first heap   total 89088K, used 69248K [0x0000000080000000, 0x0000000100000000)
  region size 1024K, 22 young (22528K), 3 survivors (3072K)
 Metaspace       used 61916K, committed 62528K, reserved 491520K
  class space    used 8590K, committed 8896K, reserved 425984K
}
Event: 25.066 GC heap after
{Heap after GC invocations=24 (full 0):
 garbage-first heap   total 89088K, used 51269K [0x0000000080000000, 0x0000000100000000)
  region size 1024K, 3 young (3072K), 3 survivors (3072K)
 Metaspace       used 61916K, committed 62528K, reserved 491520K
  class space    used 8590K, committed 8896K, reserved 425984K
}
Event: 26.796 GC heap before
{Heap before GC invocations=24 (full 0):
 garbage-first heap   total 89088K, used 72773K [0x0000000080000000, 0x0000000100000000)
  region size 1024K, 24 young (24576K), 3 survivors (3072K)
 Metaspace       used 63391K, committed 64000K, reserved 491520K
  class space    used 8795K, committed 9088K, reserved 425984K
}
Event: 26.802 GC heap after
{Heap after GC invocations=25 (full 0):
 garbage-first heap   total 89088K, used 53198K [0x0000000080000000, 0x0000000100000000)
  region size 1024K, 3 young (3072K), 3 survivors (3072K)
 Metaspace       used 63391K, committed 64000K, reserved 491520K
  class space    used 8795K, committed 9088K, reserved 425984K
}
Event: 27.726 GC heap before
{Heap before GC invocations=26 (full 0):
 garbage-first heap   total 92160K, used 72654K [0x0000000080000000, 0x0000000100000000)
  region size 1024K, 23 young (23552K), 3 survivors (3072K)
 Metaspace       used 65618K, committed 66240K, reserved 491520K
  class space    used 9066K, committed 9344K, reserved 425984K
}
Event: 27.732 GC heap after
{Heap after GC invocations=27 (full 0):
 garbage-first heap   total 92160K, used 56000K [0x0000000080000000, 0x0000000100000000)
  region size 1024K, 3 young (3072K), 3 survivors (3072K)
 Metaspace       used 65618K, committed 66240K, reserved 491520K
  class space    used 9066K, committed 9344K, reserved 425984K
}
Event: 28.512 GC heap before
{Heap before GC invocations=27 (full 0):
 garbage-first heap   total 92160K, used 74432K [0x0000000080000000, 0x0000000100000000)
  region size 1024K, 22 young (22528K), 3 survivors (3072K)
 Metaspace       used 66498K, committed 67072K, reserved 491520K
  class space    used 9201K, committed 9472K, reserved 425984K
}
Event: 28.519 GC heap after
{Heap after GC invocations=28 (full 0):
 garbage-first heap   total 92160K, used 57159K [0x0000000080000000, 0x0000000100000000)
  region size 1024K, 2 young (2048K), 2 survivors (2048K)
 Metaspace       used 66498K, committed 67072K, reserved 491520K
  class space    used 9201K, committed 9472K, reserved 425984K
}
Event: 29.550 GC heap before
{Heap before GC invocations=29 (full 0):
 garbage-first heap   total 99328K, used 79687K [0x0000000080000000, 0x0000000100000000)
  region size 1024K, 21 young (21504K), 2 survivors (2048K)
 Metaspace       used 67147K, committed 67840K, reserved 491520K
  class space    used 9295K, committed 9600K, reserved 425984K
}
Event: 29.557 GC heap after
{Heap after GC invocations=30 (full 0):
 garbage-first heap   total 99328K, used 68225K [0x0000000080000000, 0x0000000100000000)
  region size 1024K, 3 young (3072K), 3 survivors (3072K)
 Metaspace       used 67147K, committed 67840K, reserved 491520K
  class space    used 9295K, committed 9600K, reserved 425984K
}
Event: 29.579 GC heap before
{Heap before GC invocations=30 (full 0):
 garbage-first heap   total 99328K, used 68225K [0x0000000080000000, 0x0000000100000000)
  region size 1024K, 4 young (4096K), 3 survivors (3072K)
 Metaspace       used 67320K, committed 67968K, reserved 491520K
  class space    used 9309K, committed 9600K, reserved 425984K
}
Event: 29.584 GC heap after
{Heap after GC invocations=31 (full 0):
 garbage-first heap   total 99328K, used 68133K [0x0000000080000000, 0x0000000100000000)
  region size 1024K, 1 young (1024K), 1 survivors (1024K)
 Metaspace       used 67320K, committed 67968K, reserved 491520K
  class space    used 9309K, committed 9600K, reserved 425984K
}
Event: 30.032 GC heap before
{Heap before GC invocations=31 (full 0):
 garbage-first heap   total 99328K, used 79397K [0x0000000080000000, 0x0000000100000000)
  region size 1024K, 13 young (13312K), 1 survivors (1024K)
 Metaspace       used 69044K, committed 69696K, reserved 491520K
  class space    used 9546K, committed 9856K, reserved 425984K
}
Event: 30.038 GC heap after
{Heap after GC invocations=32 (full 0):
 garbage-first heap   total 99328K, used 68404K [0x0000000080000000, 0x0000000100000000)
  region size 1024K, 1 young (1024K), 1 survivors (1024K)
 Metaspace       used 69044K, committed 69696K, reserved 491520K
  class space    used 9546K, committed 9856K, reserved 425984K
}

